<?xml version="1.0" encoding="UTF-8"?>
<testng-results skipped="0" failed="0" total="1" passed="1">
  <reporter-output>
  </reporter-output>
  <suite name="KarateApiTesting.TestRunner" duration-ms="8797" started-at="2022-05-16T22:42:41Z" finished-at="2022-05-16T22:42:50Z">
    <groups>
    </groups>
    <test name="Command line test" duration-ms="8797" started-at="2022-05-16T22:42:41Z" finished-at="2022-05-16T22:42:50Z">
      <class name="KarateApiTesting.TestRunner">
        <test-method status="PASS" signature="testParallel()[pri:0, instance:KarateApiTesting.TestRunner@724af044]" name="testParallel" duration-ms="8757" started-at="2022-05-16T19:42:41Z" finished-at="2022-05-16T19:42:50Z">
          <reporter-output>
          </reporter-output>
        </test-method> <!-- testParallel -->
      </class> <!-- KarateApiTesting.TestRunner -->
    </test> <!-- Command line test -->
  </suite> <!-- KarateApiTesting.TestRunner -->
</testng-results>
